{"numTotalTestSuites":33,"numPassedTestSuites":29,"numFailedTestSuites":4,"numPendingTestSuites":0,"numTotalTests":164,"numPassedTests":160,"numFailedTests":4,"numPendingTests":0,"numTodoTests":0,"snapshot":{"added":0,"failure":false,"filesAdded":0,"filesRemoved":0,"filesRemovedList":[],"filesUnmatched":0,"filesUpdated":0,"matched":0,"total":0,"unchecked":0,"uncheckedKeysByFile":[],"unmatched":0,"updated":0,"didUpdate":false},"startTime":1771679301925,"success":false,"testResults":[{"assertionResults":[{"ancestorTitles":["twitterAgent"],"fullName":"twitterAgent normalizes probabilities with refresh suppression and aliasing","status":"passed","title":"normalizes probabilities with refresh suppression and aliasing","duration":130.24790000000007,"failureMessages":[],"meta":{}},{"ancestorTitles":["twitterAgent"],"fullName":"twitterAgent applies burst mode overrides","status":"passed","title":"applies burst mode overrides","duration":0.7042999999998756,"failureMessages":[],"meta":{}},{"ancestorTitles":["twitterAgent"],"fullName":"twitterAgent selects scroll method based on roll","status":"passed","title":"selects scroll method based on roll","duration":0.9136000000000877,"failureMessages":[],"meta":{}},{"ancestorTitles":["twitterAgent"],"fullName":"twitterAgent detects session expiration","status":"passed","title":"detects session expiration","duration":0.575800000000072,"failureMessages":[],"meta":{}},{"ancestorTitles":["twitterAgent","constructor initialization"],"fullName":"twitterAgent constructor initialization should initialize with provided page, profile, and logger","status":"passed","title":"should initialize with provided page, profile, and logger","duration":0.5714000000000397,"failureMessages":[],"meta":{}},{"ancestorTitles":["twitterAgent","constructor initialization"],"fullName":"twitterAgent constructor initialization should initialize state with default values","status":"passed","title":"should initialize state with default values","duration":0.4269000000001597,"failureMessages":[],"meta":{}},{"ancestorTitles":["twitterAgent","constructor initialization"],"fullName":"twitterAgent constructor initialization should setup network activity listeners","status":"passed","title":"should setup network activity listeners","duration":2.458599999999933,"failureMessages":[],"meta":{}},{"ancestorTitles":["twitterAgent","constructor initialization"],"fullName":"twitterAgent constructor initialization should handle listener setup failure gracefully","status":"passed","title":"should handle listener setup failure gracefully","duration":0.9424999999998818,"failureMessages":[],"meta":{}},{"ancestorTitles":["twitterAgent","log method"],"fullName":"twitterAgent log method should use logger if available","status":"passed","title":"should use logger if available","duration":0.635300000000143,"failureMessages":[],"meta":{}},{"ancestorTitles":["twitterAgent","log method"],"fullName":"twitterAgent log method should fallback to console if no logger","status":"passed","title":"should fallback to console if no logger","duration":0.6099000000001524,"failureMessages":[],"meta":{}},{"ancestorTitles":["twitterAgent","clamp utility"],"fullName":"twitterAgent clamp utility should clamp value between min and max","status":"passed","title":"should clamp value between min and max","duration":0.316300000000183,"failureMessages":[],"meta":{}},{"ancestorTitles":["twitterAgent","checkFatigue"],"fullName":"twitterAgent checkFatigue should not trigger fatigue if not expired","status":"passed","title":"should not trigger fatigue if not expired","duration":0.2623000000000957,"failureMessages":[],"meta":{}},{"ancestorTitles":["twitterAgent","checkFatigue"],"fullName":"twitterAgent checkFatigue should trigger fatigue when threshold exceeded","status":"passed","title":"should trigger fatigue when threshold exceeded","duration":0.31409999999982574,"failureMessages":[],"meta":{}},{"ancestorTitles":["twitterAgent","checkFatigue"],"fullName":"twitterAgent checkFatigue should not trigger fatigue if already fatigued","status":"passed","title":"should not trigger fatigue if already fatigued","duration":0.4977999999998701,"failureMessages":[],"meta":{}},{"ancestorTitles":["twitterAgent","normalizeProbabilities edge cases"],"fullName":"twitterAgent normalizeProbabilities edge cases should apply fatigue bias","status":"passed","title":"should apply fatigue bias","duration":0.35599999999999454,"failureMessages":[],"meta":{}},{"ancestorTitles":["twitterAgent","normalizeProbabilities edge cases"],"fullName":"twitterAgent normalizeProbabilities edge cases should suppress refresh if recent","status":"passed","title":"should suppress refresh if recent","duration":0.3646000000001095,"failureMessages":[],"meta":{}},{"ancestorTitles":["twitterAgent","normalizeProbabilities edge cases"],"fullName":"twitterAgent normalizeProbabilities edge cases should handle missing probability keys","status":"passed","title":"should handle missing probability keys","duration":0.35930000000007567,"failureMessages":[],"meta":{}},{"ancestorTitles":["twitterAgent","normalizeProbabilities edge cases"],"fullName":"twitterAgent normalizeProbabilities edge cases should handle likeTweetafterDive alias","status":"passed","title":"should handle likeTweetafterDive alias","duration":0.3161000000000058,"failureMessages":[],"meta":{}},{"ancestorTitles":["twitterAgent","getScrollMethod edge cases"],"fullName":"twitterAgent getScrollMethod edge cases should return WHEEL_DOWN for low random value","status":"passed","title":"should return WHEEL_DOWN for low random value","duration":0.3365000000001146,"failureMessages":[],"meta":{}},{"ancestorTitles":["twitterAgent","getScrollMethod edge cases"],"fullName":"twitterAgent getScrollMethod edge cases should return valid scroll method for high random value","status":"passed","title":"should return valid scroll method for high random value","duration":0.6974999999999909,"failureMessages":[],"meta":{}},{"ancestorTitles":["twitterAgent","isSessionExpired edge cases"],"fullName":"twitterAgent isSessionExpired edge cases should return false for future end time","status":"passed","title":"should return false for future end time","duration":0.29099999999994,"failureMessages":[],"meta":{}},{"ancestorTitles":["twitterAgent","isSessionExpired edge cases"],"fullName":"twitterAgent isSessionExpired edge cases should return true for past end time","status":"passed","title":"should return true for past end time","duration":0.23939999999993233,"failureMessages":[],"meta":{}},{"ancestorTitles":["twitterAgent","triggerHotSwap"],"fullName":"twitterAgent triggerHotSwap should swap to fatigued profile","status":"passed","title":"should swap to fatigued profile","duration":0.30549999999993815,"failureMessages":[],"meta":{}},{"ancestorTitles":["twitterAgent","triggerHotSwap"],"fullName":"twitterAgent triggerHotSwap should enter doom scroll mode if no fatigued variant","status":"passed","title":"should enter doom scroll mode if no fatigued variant","duration":0.30280000000016116,"failureMessages":[],"meta":{}},{"ancestorTitles":["twitterAgent","humanClick"],"fullName":"twitterAgent humanClick should skip if target is null","status":"passed","title":"should skip if target is null","duration":0.4979000000000724,"failureMessages":[],"meta":{}},{"ancestorTitles":["twitterAgent","humanClick"],"fullName":"twitterAgent humanClick should perform human-like click sequence","status":"passed","title":"should perform human-like click sequence","duration":1.0739999999998417,"failureMessages":[],"meta":{}},{"ancestorTitles":["twitterAgent","humanClick"],"fullName":"twitterAgent humanClick should handle click errors and recover","status":"passed","title":"should handle click errors and recover","duration":1.8479000000002088,"failureMessages":[],"meta":{}},{"ancestorTitles":["twitterAgent","safeHumanClick"],"fullName":"twitterAgent safeHumanClick should succeed on first attempt","status":"passed","title":"should succeed on first attempt","duration":0.7285999999999149,"failureMessages":[],"meta":{}},{"ancestorTitles":["twitterAgent","safeHumanClick"],"fullName":"twitterAgent safeHumanClick should retry on failure","status":"passed","title":"should retry on failure","duration":1.1908999999998287,"failureMessages":[],"meta":{}},{"ancestorTitles":["twitterAgent","isElementActionable"],"fullName":"twitterAgent isElementActionable should return false if element handle is null","status":"passed","title":"should return false if element handle is null","duration":0.40609999999992397,"failureMessages":[],"meta":{}},{"ancestorTitles":["twitterAgent","isElementActionable"],"fullName":"twitterAgent isElementActionable should check element visibility","status":"passed","title":"should check element visibility","duration":0.3731000000000222,"failureMessages":[],"meta":{}},{"ancestorTitles":["twitterAgent","isElementActionable"],"fullName":"twitterAgent isElementActionable should handle errors gracefully","status":"passed","title":"should handle errors gracefully","duration":0.3227999999999156,"failureMessages":[],"meta":{}},{"ancestorTitles":["twitterAgent","scrollToGoldenZone"],"fullName":"twitterAgent scrollToGoldenZone should scroll element to 30% from top","status":"passed","title":"should scroll element to 30% from top","duration":0.49929999999994834,"failureMessages":[],"meta":{}},{"ancestorTitles":["twitterAgent","scrollToGoldenZone"],"fullName":"twitterAgent scrollToGoldenZone should handle missing element","status":"passed","title":"should handle missing element","duration":0.33750000000009095,"failureMessages":[],"meta":{}},{"ancestorTitles":["twitterAgent","dismissOverlays"],"fullName":"twitterAgent dismissOverlays should dismiss toast notifications","status":"passed","title":"should dismiss toast notifications","duration":0.4819999999999709,"failureMessages":[],"meta":{}},{"ancestorTitles":["twitterAgent","dismissOverlays"],"fullName":"twitterAgent dismissOverlays should dismiss modals","status":"passed","title":"should dismiss modals","duration":0.4099999999998545,"failureMessages":[],"meta":{}},{"ancestorTitles":["twitterAgent","dismissOverlays"],"fullName":"twitterAgent dismissOverlays should handle errors gracefully","status":"passed","title":"should handle errors gracefully","duration":0.6022000000000389,"failureMessages":[],"meta":{}},{"ancestorTitles":["twitterAgent","pollForFollowState"],"fullName":"twitterAgent pollForFollowState should return true when unfollow button appears","status":"passed","title":"should return true when unfollow button appears","duration":0.445699999999988,"failureMessages":[],"meta":{}},{"ancestorTitles":["twitterAgent","pollForFollowState"],"fullName":"twitterAgent pollForFollowState should return true when button text changes to Following","status":"passed","title":"should return true when button text changes to Following","duration":0.3953999999998814,"failureMessages":[],"meta":{}},{"ancestorTitles":["twitterAgent","pollForFollowState"],"fullName":"twitterAgent pollForFollowState should return false after max polls","status":"passed","title":"should return false after max polls","duration":0.33330000000000837,"failureMessages":[],"meta":{}},{"ancestorTitles":["twitterAgent","sixLayerClick"],"fullName":"twitterAgent sixLayerClick should succeed with first layer","status":"passed","title":"should succeed with first layer","duration":0.6894999999999527,"failureMessages":[],"meta":{}},{"ancestorTitles":["twitterAgent","robustFollow"],"fullName":"twitterAgent robustFollow should return already following if unfollow button visible","status":"passed","title":"should return already following if unfollow button visible","duration":1.0462999999999738,"failureMessages":[],"meta":{}},{"ancestorTitles":["twitterAgent","robustFollow"],"fullName":"twitterAgent robustFollow should handle pending state","status":"passed","title":"should handle pending state","duration":0.6098000000001775,"failureMessages":[],"meta":{}},{"ancestorTitles":["twitterAgent","performHealthCheck"],"fullName":"twitterAgent performHealthCheck should return healthy for active network","status":"passed","title":"should return healthy for active network","duration":0.43849999999997635,"failureMessages":[],"meta":{}},{"ancestorTitles":["twitterAgent","performHealthCheck"],"fullName":"twitterAgent performHealthCheck should detect network inactivity","status":"passed","title":"should detect network inactivity","duration":0.35570000000006985,"failureMessages":[],"meta":{}},{"ancestorTitles":["twitterAgent","performHealthCheck"],"fullName":"twitterAgent performHealthCheck should detect redirect errors","status":"passed","title":"should detect redirect errors","duration":0.33360000000016043,"failureMessages":[],"meta":{}},{"ancestorTitles":["twitterAgent","performHealthCheck"],"fullName":"twitterAgent performHealthCheck should handle check errors gracefully","status":"passed","title":"should handle check errors gracefully","duration":0.4032000000001972,"failureMessages":[],"meta":{}},{"ancestorTitles":["twitterAgent","checkAndHandleSoftError"],"fullName":"twitterAgent checkAndHandleSoftError should return false when no error present","status":"passed","title":"should return false when no error present","duration":0.592200000000048,"failureMessages":[],"meta":{}},{"ancestorTitles":["twitterAgent","checkAndHandleSoftError"],"fullName":"twitterAgent checkAndHandleSoftError should handle soft error and click retry button","status":"passed","title":"should handle soft error and click retry button","duration":0.5139000000001488,"failureMessages":[],"meta":{}},{"ancestorTitles":["twitterAgent","checkAndHandleSoftError"],"fullName":"twitterAgent checkAndHandleSoftError should throw error after 3 consecutive soft errors","status":"passed","title":"should throw error after 3 consecutive soft errors","duration":0.5167999999998756,"failureMessages":[],"meta":{}},{"ancestorTitles":["twitterAgent","checkLoginState"],"fullName":"twitterAgent checkLoginState should return true if logged in","status":"passed","title":"should return true if logged in","duration":0.8430999999998221,"failureMessages":[],"meta":{}},{"ancestorTitles":["twitterAgent","checkLoginState"],"fullName":"twitterAgent checkLoginState should detect logged out state by text","status":"passed","title":"should detect logged out state by text","duration":0.47849999999994,"failureMessages":[],"meta":{}},{"ancestorTitles":["twitterAgent","checkLoginState"],"fullName":"twitterAgent checkLoginState should detect logged out state by selectors","status":"passed","title":"should detect logged out state by selectors","duration":0.4924999999998363,"failureMessages":[],"meta":{}},{"ancestorTitles":["twitterAgent","checkLoginState"],"fullName":"twitterAgent checkLoginState should detect logged out state by missing timeline","status":"passed","title":"should detect logged out state by missing timeline","duration":0.6920000000000073,"failureMessages":[],"meta":{}},{"ancestorTitles":["twitterAgent","checkLoginState"],"fullName":"twitterAgent checkLoginState should handle check errors","status":"passed","title":"should handle check errors","duration":0.462099999999964,"failureMessages":[],"meta":{}},{"ancestorTitles":["twitterAgent","navigateHome"],"fullName":"twitterAgent navigateHome should click home icon","status":"passed","title":"should click home icon","duration":0.8343999999999596,"failureMessages":[],"meta":{}},{"ancestorTitles":["twitterAgent","navigateHome"],"fullName":"twitterAgent navigateHome should fallback to direct URL if click fails","status":"passed","title":"should fallback to direct URL if click fails","duration":0.6016000000001895,"failureMessages":[],"meta":{}},{"ancestorTitles":["twitterAgent","postTweet"],"fullName":"twitterAgent postTweet should skip if no text provided","status":"passed","title":"should skip if no text provided","duration":0.7589000000000397,"failureMessages":[],"meta":{}},{"ancestorTitles":["twitterAgent","postTweet"],"fullName":"twitterAgent postTweet should post tweet using keyboard shortcut","status":"passed","title":"should post tweet using keyboard shortcut","duration":0.9447000000000116,"failureMessages":[],"meta":{}},{"ancestorTitles":["twitterAgent","postTweet"],"fullName":"twitterAgent postTweet should post tweet using UI button","status":"passed","title":"should post tweet using UI button","duration":0.6974999999999909,"failureMessages":[],"meta":{}},{"ancestorTitles":["twitterAgent","postTweet"],"fullName":"twitterAgent postTweet should handle post errors","status":"passed","title":"should handle post errors","duration":0.6095000000000255,"failureMessages":[],"meta":{}},{"ancestorTitles":["twitterAgent","humanType"],"fullName":"twitterAgent humanType should type text with random delays","status":"passed","title":"should type text with random delays","duration":0.9587999999998829,"failureMessages":[],"meta":{}},{"ancestorTitles":["twitterAgent","humanType"],"fullName":"twitterAgent humanType should skip if element is null","status":"passed","title":"should skip if element is null","duration":0.43859999999995125,"failureMessages":[],"meta":{}},{"ancestorTitles":["twitterAgent","humanType"],"fullName":"twitterAgent humanType should skip if text is empty","status":"passed","title":"should skip if text is empty","duration":1.1606999999999061,"failureMessages":[],"meta":{}},{"ancestorTitles":["twitterAgent","humanType"],"fullName":"twitterAgent humanType should fallback to fill on error","status":"passed","title":"should fallback to fill on error","duration":0.4699000000000524,"failureMessages":[],"meta":{}},{"ancestorTitles":["twitterAgent","simulateFidget"],"fullName":"twitterAgent simulateFidget should perform fidget without errors","status":"passed","title":"should perform fidget without errors","duration":0.9429000000000087,"failureMessages":[],"meta":{}},{"ancestorTitles":["twitterAgent","simulateFidget"],"fullName":"twitterAgent simulateFidget should handle fidget errors gracefully","status":"passed","title":"should handle fidget errors gracefully","duration":0.5414000000000669,"failureMessages":[],"meta":{}},{"ancestorTitles":["twitterAgent","diveProfile"],"fullName":"twitterAgent diveProfile should dive into a profile","status":"passed","title":"should dive into a profile","duration":3.990300000000161,"failureMessages":[],"meta":{}},{"ancestorTitles":["twitterAgent","diveProfile"],"fullName":"twitterAgent diveProfile should skip if no valid profile links","status":"passed","title":"should skip if no valid profile links","duration":0.7070000000001073,"failureMessages":[],"meta":{}},{"ancestorTitles":["twitterAgent","diveTweet"],"fullName":"twitterAgent diveTweet should dive into a tweet","status":"passed","title":"should dive into a tweet","duration":0.9013999999999669,"failureMessages":[],"meta":{}},{"ancestorTitles":["twitterAgent","diveTweet"],"fullName":"twitterAgent diveTweet should handle no tweets found","status":"failed","title":"should handle no tweets found","duration":16.44959999999992,"failureMessages":["AssertionError: expected \"vi.fn()\" to be called with arguments: [ 'https://x.com/' ]\u001b[90m\n\nNumber of calls: \u001b[1m0\u001b[22m\n\u001b[39m\n    at Proxy.<anonymous> (file:///C:/My%20Script/auto-ai/node_modules/@vitest/expect/dist/index.js:1420:10)\n    at Proxy.<anonymous> (file:///C:/My%20Script/auto-ai/node_modules/@vitest/expect/dist/index.js:1090:14)\n    at Proxy.methodWrapper (file:///C:/My%20Script/auto-ai/node_modules/chai/index.js:1700:25)\n    at C:/My Script/auto-ai/tests/unit/twitterAgent.test.js:1057:31\n    at file:///C:/My%20Script/auto-ai/node_modules/@vitest/runner/dist/index.js:915:20"],"meta":{}},{"ancestorTitles":["twitterAgent","ensureForYouTab"],"fullName":"twitterAgent ensureForYouTab should skip if tab already selected","status":"passed","title":"should skip if tab already selected","duration":1.026299999999992,"failureMessages":[],"meta":{}},{"ancestorTitles":["twitterAgent","ensureForYouTab"],"fullName":"twitterAgent ensureForYouTab should click tab if not selected","status":"passed","title":"should click tab if not selected","duration":0.6855000000000473,"failureMessages":[],"meta":{}},{"ancestorTitles":["twitterAgent","ensureForYouTab"],"fullName":"twitterAgent ensureForYouTab should fallback to index if text not found","status":"passed","title":"should fallback to index if text not found","duration":3.1649999999999636,"failureMessages":[],"meta":{}},{"ancestorTitles":["twitterAgent","ensureForYouTab"],"fullName":"twitterAgent ensureForYouTab should handle tablist not found","status":"passed","title":"should handle tablist not found","duration":0.6845000000000709,"failureMessages":[],"meta":{}},{"ancestorTitles":["twitterAgent","checkAndClickShowPostsButton"],"fullName":"twitterAgent checkAndClickShowPostsButton should find and click show posts button","status":"passed","title":"should find and click show posts button","duration":1.5505000000000564,"failureMessages":[],"meta":{}},{"ancestorTitles":["twitterAgent","checkAndClickShowPostsButton"],"fullName":"twitterAgent checkAndClickShowPostsButton should return false if button not found","status":"passed","title":"should return false if button not found","duration":0.6526000000001204,"failureMessages":[],"meta":{}},{"ancestorTitles":["twitterAgent","checkAndClickShowPostsButton"],"fullName":"twitterAgent checkAndClickShowPostsButton should scroll after clicking button","status":"passed","title":"should scroll after clicking button","duration":0.6975999999999658,"failureMessages":[],"meta":{}},{"ancestorTitles":["twitterAgent","checkAndClickShowPostsButton"],"fullName":"twitterAgent checkAndClickShowPostsButton should handle errors gracefully","status":"passed","title":"should handle errors gracefully","duration":0.570299999999861,"failureMessages":[],"meta":{}},{"ancestorTitles":["twitterAgent","runSession"],"fullName":"twitterAgent runSession should run session initialization","status":"passed","title":"should run session initialization","duration":0.8170999999999822,"failureMessages":[],"meta":{}},{"ancestorTitles":["twitterAgent","runSession"],"fullName":"twitterAgent runSession should abort if not logged in after retries","status":"failed","title":"should abort if not logged in after retries","duration":10.751899999999978,"failureMessages":["Error: A function to advance timers was called but the timers APIs are not mocked. Call `vi.useFakeTimers()` in the test file first.\n    at FakeTimers._checkFakeTimers (file:///C:/My%20Script/auto-ai/node_modules/vitest/dist/chunks/vi.2VT5v0um.js:3601:32)\n    at FakeTimers.advanceTimersByTime (file:///C:/My%20Script/auto-ai/node_modules/vitest/dist/chunks/vi.2VT5v0um.js:3529:12)\n    at Object.advanceTimersByTime (file:///C:/My%20Script/auto-ai/node_modules/vitest/dist/chunks/vi.2VT5v0um.js:3760:13)\n    at Object.<anonymous> (C:/My Script/auto-ai/tests/unit/twitterAgent.test.js:1245:133)\n    at Object.Mock [as waitForTimeout] (file:///C:/My%20Script/auto-ai/node_modules/@vitest/spy/dist/index.js:285:34)\n    at TwitterAgent.runSession (C:/My Script/auto-ai/utils/twitterAgent.js:1587:33)\n    at C:/My Script/auto-ai/tests/unit/twitterAgent.test.js:1264:7\n    at file:///C:/My%20Script/auto-ai/node_modules/@vitest/runner/dist/index.js:915:20"],"meta":{}},{"ancestorTitles":["twitterAgent","runSession"],"fullName":"twitterAgent runSession should handle burst mode entry","status":"passed","title":"should handle burst mode entry","duration":1.0471000000000004,"failureMessages":[],"meta":{}},{"ancestorTitles":["twitterAgent","runSession"],"fullName":"twitterAgent runSession should handle boredom pause every 4th cycle","status":"passed","title":"should handle boredom pause every 4th cycle","duration":1.4828999999999724,"failureMessages":[],"meta":{}},{"ancestorTitles":["twitterAgent","runSession"],"fullName":"twitterAgent runSession should handle session with timer","status":"failed","title":"should handle session with timer","duration":1.2416000000000622,"failureMessages":["Error: A function to advance timers was called but the timers APIs are not mocked. Call `vi.useFakeTimers()` in the test file first.\n    at FakeTimers._checkFakeTimers (file:///C:/My%20Script/auto-ai/node_modules/vitest/dist/chunks/vi.2VT5v0um.js:3601:32)\n    at FakeTimers.advanceTimersByTime (file:///C:/My%20Script/auto-ai/node_modules/vitest/dist/chunks/vi.2VT5v0um.js:3529:12)\n    at Object.advanceTimersByTime (file:///C:/My%20Script/auto-ai/node_modules/vitest/dist/chunks/vi.2VT5v0um.js:3760:13)\n    at Object.<anonymous> (C:/My Script/auto-ai/tests/unit/twitterAgent.test.js:1245:133)\n    at Object.Mock [as waitForTimeout] (file:///C:/My%20Script/auto-ai/node_modules/@vitest/spy/dist/index.js:285:34)\n    at TwitterAgent.runSession (C:/My Script/auto-ai/utils/twitterAgent.js:1678:33)\n    at C:/My Script/auto-ai/tests/unit/twitterAgent.test.js:1324:7\n    at file:///C:/My%20Script/auto-ai/node_modules/@vitest/runner/dist/index.js:915:20"],"meta":{}},{"ancestorTitles":["twitterAgent","runSession"],"fullName":"twitterAgent runSession should enter idle branch when random is high","status":"failed","title":"should enter idle branch when random is high","duration":0.9901999999999589,"failureMessages":["Error: A function to advance timers was called but the timers APIs are not mocked. Call `vi.useFakeTimers()` in the test file first.\n    at FakeTimers._checkFakeTimers (file:///C:/My%20Script/auto-ai/node_modules/vitest/dist/chunks/vi.2VT5v0um.js:3601:32)\n    at FakeTimers.advanceTimersByTime (file:///C:/My%20Script/auto-ai/node_modules/vitest/dist/chunks/vi.2VT5v0um.js:3529:12)\n    at Object.advanceTimersByTime (file:///C:/My%20Script/auto-ai/node_modules/vitest/dist/chunks/vi.2VT5v0um.js:3760:13)\n    at Object.<anonymous> (C:/My Script/auto-ai/tests/unit/twitterAgent.test.js:1333:133)\n    at Object.Mock [as waitForTimeout] (file:///C:/My%20Script/auto-ai/node_modules/@vitest/spy/dist/index.js:285:34)\n    at TwitterAgent.runSession (C:/My Script/auto-ai/utils/twitterAgent.js:1671:33)\n    at C:/My Script/auto-ai/tests/unit/twitterAgent.test.js:1344:7\n    at file:///C:/My%20Script/auto-ai/node_modules/@vitest/runner/dist/index.js:915:20"],"meta":{}},{"ancestorTitles":["twitterAgent","simulateReading"],"fullName":"twitterAgent simulateReading should perform reading with WHEEL_DOWN scroll","status":"passed","title":"should perform reading with WHEEL_DOWN scroll","duration":1.076799999999821,"failureMessages":[],"meta":{}},{"ancestorTitles":["twitterAgent","simulateReading"],"fullName":"twitterAgent simulateReading should perform reading with WHEEL_UP scroll","status":"passed","title":"should perform reading with WHEEL_UP scroll","duration":0.9138000000000375,"failureMessages":[],"meta":{}},{"ancestorTitles":["twitterAgent","simulateReading"],"fullName":"twitterAgent simulateReading should perform reading with SPACE scroll","status":"passed","title":"should perform reading with SPACE scroll","duration":1.0341000000000804,"failureMessages":[],"meta":{}},{"ancestorTitles":["twitterAgent","simulateReading"],"fullName":"twitterAgent simulateReading should perform reading with KEYS_DOWN scroll","status":"passed","title":"should perform reading with KEYS_DOWN scroll","duration":1.1125999999999294,"failureMessages":[],"meta":{}},{"ancestorTitles":["twitterAgent","simulateReading"],"fullName":"twitterAgent simulateReading should perform reading with KEYS_UP scroll","status":"passed","title":"should perform reading with KEYS_UP scroll","duration":1.1247999999998228,"failureMessages":[],"meta":{}},{"ancestorTitles":["twitterAgent","simulateReading"],"fullName":"twitterAgent simulateReading should handle burst mode reading","status":"passed","title":"should handle burst mode reading","duration":0.8461999999999534,"failureMessages":[],"meta":{}},{"ancestorTitles":["twitterAgent","simulateReading"],"fullName":"twitterAgent simulateReading should handle soft error during reading","status":"passed","title":"should handle soft error during reading","duration":1.0015999999998257,"failureMessages":[],"meta":{}},{"ancestorTitles":["twitterAgent","simulateReading"],"fullName":"twitterAgent simulateReading should throw on fatal health check","status":"passed","title":"should throw on fatal health check","duration":3.226899999999887,"failureMessages":[],"meta":{}},{"ancestorTitles":["twitterAgent","simulateReading"],"fullName":"twitterAgent simulateReading should handle multitasking during reading","status":"passed","title":"should handle multitasking during reading","duration":1.086699999999837,"failureMessages":[],"meta":{}},{"ancestorTitles":["twitterAgent","simulateReading"],"fullName":"twitterAgent simulateReading should handle fidgeting during reading","status":"passed","title":"should handle fidgeting during reading","duration":0.9080999999998767,"failureMessages":[],"meta":{}},{"ancestorTitles":["twitterAgent","simulateReading"],"fullName":"twitterAgent simulateReading should handle jitter scroll during reading","status":"passed","title":"should handle jitter scroll during reading","duration":1.1193000000000666,"failureMessages":[],"meta":{}},{"ancestorTitles":["twitterAgent","simulateReading"],"fullName":"twitterAgent simulateReading should handle mouse parking during long pauses","status":"passed","title":"should handle mouse parking during long pauses","duration":1.0172999999999774,"failureMessages":[],"meta":{}},{"ancestorTitles":["twitterAgent","simulateFidget"],"fullName":"twitterAgent simulateFidget should perform TEXT_SELECT fidget","status":"passed","title":"should perform TEXT_SELECT fidget","duration":0.936100000000124,"failureMessages":[],"meta":{}},{"ancestorTitles":["twitterAgent","simulateFidget"],"fullName":"twitterAgent simulateFidget should perform MOUSE_WIGGLE fidget","status":"passed","title":"should perform MOUSE_WIGGLE fidget","duration":0.6992999999999938,"failureMessages":[],"meta":{}},{"ancestorTitles":["twitterAgent","simulateFidget"],"fullName":"twitterAgent simulateFidget should perform OVERSHOOT fidget","status":"passed","title":"should perform OVERSHOOT fidget","duration":0.6455000000000837,"failureMessages":[],"meta":{}},{"ancestorTitles":["twitterAgent","simulateFidget"],"fullName":"twitterAgent simulateFidget should handle accidental navigation in OVERSHOOT","status":"passed","title":"should handle accidental navigation in OVERSHOOT","duration":0.6955999999997857,"failureMessages":[],"meta":{}},{"ancestorTitles":["twitterAgent","simulateFidget"],"fullName":"twitterAgent simulateFidget should handle no visible text candidates","status":"passed","title":"should handle no visible text candidates","duration":0.7562000000000353,"failureMessages":[],"meta":{}},{"ancestorTitles":["twitterAgent","simulateFidget"],"fullName":"twitterAgent simulateFidget should select visible text candidate in TEXT_SELECT fidget","status":"passed","title":"should select visible text candidate in TEXT_SELECT fidget","duration":0.8977999999999611,"failureMessages":[],"meta":{}},{"ancestorTitles":["twitterAgent","additional edge cases"],"fullName":"twitterAgent additional edge cases should handle diveTweet error gracefully","status":"passed","title":"should handle diveTweet error gracefully","duration":0.9447999999999865,"failureMessages":[],"meta":{}},{"ancestorTitles":["twitterAgent","additional edge cases"],"fullName":"twitterAgent additional edge cases should handle robustFollow with visible follow button","status":"passed","title":"should handle robustFollow with visible follow button","duration":1.2696000000000822,"failureMessages":[],"meta":{}},{"ancestorTitles":["twitterAgent","additional edge cases"],"fullName":"twitterAgent additional edge cases should handle sixLayerClick with different layers","status":"passed","title":"should handle sixLayerClick with different layers","duration":0.5803000000000793,"failureMessages":[],"meta":{}},{"ancestorTitles":["twitterAgent","additional edge cases"],"fullName":"twitterAgent additional edge cases should handle sixLayerClick with focus fallback","status":"passed","title":"should handle sixLayerClick with focus fallback","duration":0.6080000000001746,"failureMessages":[],"meta":{}},{"ancestorTitles":["twitterAgent","additional edge cases"],"fullName":"twitterAgent additional edge cases should handle checkFatigue edge cases","status":"passed","title":"should handle checkFatigue edge cases","duration":0.5450999999998203,"failureMessages":[],"meta":{}},{"ancestorTitles":["twitterAgent","additional edge cases"],"fullName":"twitterAgent additional edge cases should handle normalizeProbabilities with missing config","status":"passed","title":"should handle normalizeProbabilities with missing config","duration":0.48149999999986903,"failureMessages":[],"meta":{}},{"ancestorTitles":["twitterAgent","additional edge cases"],"fullName":"twitterAgent additional edge cases should handle navigateHome with 10% direct URL path","status":"passed","title":"should handle navigateHome with 10% direct URL path","duration":0.6376000000000204,"failureMessages":[],"meta":{}},{"ancestorTitles":["twitterAgent","additional edge cases"],"fullName":"twitterAgent additional edge cases should handle postTweet with empty text","status":"passed","title":"should handle postTweet with empty text","duration":0.5929000000000997,"failureMessages":[],"meta":{}},{"ancestorTitles":["twitterAgent","additional edge cases"],"fullName":"twitterAgent additional edge cases should handle postTweet with keyboard shortcut path","status":"passed","title":"should handle postTweet with keyboard shortcut path","duration":0.7557999999999083,"failureMessages":[],"meta":{}},{"ancestorTitles":["twitterAgent","additional edge cases"],"fullName":"twitterAgent additional edge cases should handle postTweet error when composer not found","status":"passed","title":"should handle postTweet error when composer not found","duration":0.6765000000000327,"failureMessages":[],"meta":{}},{"ancestorTitles":["twitterAgent","additional edge cases"],"fullName":"twitterAgent additional edge cases should handle postTweet with UI button fallback","status":"passed","title":"should handle postTweet with UI button fallback","duration":0.8420000000000982,"failureMessages":[],"meta":{}},{"ancestorTitles":["twitterAgent","additional edge cases"],"fullName":"twitterAgent additional edge cases should handle postTweet successfully","status":"passed","title":"should handle postTweet successfully","duration":0.7369000000001051,"failureMessages":[],"meta":{}},{"ancestorTitles":["twitterAgent","additional edge cases"],"fullName":"twitterAgent additional edge cases should handle checkAndClickShowPostsButton with multiple selectors","status":"passed","title":"should handle checkAndClickShowPostsButton with multiple selectors","duration":3.651100000000042,"failureMessages":[],"meta":{}},{"ancestorTitles":["twitterAgent","additional edge cases"],"fullName":"twitterAgent additional edge cases should handle checkAndClickShowPostsButton with invalid text pattern","status":"passed","title":"should handle checkAndClickShowPostsButton with invalid text pattern","duration":0.6122000000000298,"failureMessages":[],"meta":{}},{"ancestorTitles":["twitterAgent","additional edge cases"],"fullName":"twitterAgent additional edge cases should handle humanType with keyboard typing","status":"passed","title":"should handle humanType with keyboard typing","duration":0.5516000000000076,"failureMessages":[],"meta":{}},{"ancestorTitles":["twitterAgent","additional edge cases"],"fullName":"twitterAgent additional edge cases should handle humanType with fill fallback","status":"passed","title":"should handle humanType with fill fallback","duration":0.5643999999999778,"failureMessages":[],"meta":{}},{"ancestorTitles":["twitterAgent","additional edge cases"],"fullName":"twitterAgent additional edge cases should handle pollForFollowState with text content check","status":"passed","title":"should handle pollForFollowState with text content check","duration":0.5525000000000091,"failureMessages":[],"meta":{}},{"ancestorTitles":["twitterAgent","additional edge cases"],"fullName":"twitterAgent additional edge cases should handle pollForFollowState timeout","status":"passed","title":"should handle pollForFollowState timeout","duration":0.5100999999999658,"failureMessages":[],"meta":{}},{"ancestorTitles":["twitterAgent","additional edge cases"],"fullName":"twitterAgent additional edge cases should handle triggerHotSwap with doom scroll mode","status":"passed","title":"should handle triggerHotSwap with doom scroll mode","duration":0.4697000000001026,"failureMessages":[],"meta":{}},{"ancestorTitles":["twitterAgent","additional edge cases"],"fullName":"twitterAgent additional edge cases should handle isElementActionable with covered element","status":"passed","title":"should handle isElementActionable with covered element","duration":0.4520999999999731,"failureMessages":[],"meta":{}},{"ancestorTitles":["twitterAgent","additional edge cases"],"fullName":"twitterAgent additional edge cases should handle scrollToGoldenZone with valid element","status":"passed","title":"should handle scrollToGoldenZone with valid element","duration":0.4914000000001124,"failureMessages":[],"meta":{}},{"ancestorTitles":["twitterAgent","additional edge cases"],"fullName":"twitterAgent additional edge cases should handle checkAndHandleSoftError with reload strategy","status":"passed","title":"should handle checkAndHandleSoftError with reload strategy","duration":0.6391999999998461,"failureMessages":[],"meta":{}},{"ancestorTitles":["twitterAgent","additional edge cases"],"fullName":"twitterAgent additional edge cases should handle checkAndHandleSoftError exceeding max retries","status":"passed","title":"should handle checkAndHandleSoftError exceeding max retries","duration":0.6138999999998305,"failureMessages":[],"meta":{}},{"ancestorTitles":["twitterAgent","additional edge cases"],"fullName":"twitterAgent additional edge cases should handle performHealthCheck with network inactivity","status":"passed","title":"should handle performHealthCheck with network inactivity","duration":0.4751000000001113,"failureMessages":[],"meta":{}},{"ancestorTitles":["twitterAgent","additional edge cases"],"fullName":"twitterAgent additional edge cases should handle performHealthCheck with critical error page","status":"passed","title":"should handle performHealthCheck with critical error page","duration":0.5914000000000215,"failureMessages":[],"meta":{}},{"ancestorTitles":["twitterAgent","additional edge cases"],"fullName":"twitterAgent additional edge cases should handle simulateFidget with candidates but no visible text","status":"passed","title":"should handle simulateFidget with candidates but no visible text","duration":0.7903000000001157,"failureMessages":[],"meta":{}},{"ancestorTitles":["twitterAgent","additional edge cases"],"fullName":"twitterAgent additional edge cases should handle diveProfile with tab exploration","status":"passed","title":"should handle diveProfile with tab exploration","duration":1.8518000000001393,"failureMessages":[],"meta":{}},{"ancestorTitles":["twitterAgent","additional edge cases"],"fullName":"twitterAgent additional edge cases should handle diveTweet with expanded tweet and media","status":"passed","title":"should handle diveTweet with expanded tweet and media","duration":1.256399999999985,"failureMessages":[],"meta":{}},{"ancestorTitles":["twitterAgent","additional edge cases"],"fullName":"twitterAgent additional edge cases should handle sixLayerClick with various fallback layers","status":"passed","title":"should handle sixLayerClick with various fallback layers","duration":1.1178999999999633,"failureMessages":[],"meta":{}},{"ancestorTitles":["twitterAgent","additional edge cases"],"fullName":"twitterAgent additional edge cases should handle sixLayerClick returning false on complete failure","status":"passed","title":"should handle sixLayerClick returning false on complete failure","duration":1.1740000000002055,"failureMessages":[],"meta":{}},{"ancestorTitles":["twitterAgent","additional edge cases"],"fullName":"twitterAgent additional edge cases should handle robustFollow with pre-click state change detection","status":"passed","title":"should handle robustFollow with pre-click state change detection","duration":0.9284999999999854,"failureMessages":[],"meta":{}},{"ancestorTitles":["twitterAgent","additional edge cases"],"fullName":"twitterAgent additional edge cases should handle robustFollow with aria-label verification","status":"passed","title":"should handle robustFollow with aria-label verification","duration":1.8754999999998745,"failureMessages":[],"meta":{}},{"ancestorTitles":["twitterAgent","additional edge cases"],"fullName":"twitterAgent additional edge cases should handle robustFollow with button text indicating already following","status":"passed","title":"should handle robustFollow with button text indicating already following","duration":0.7950000000000728,"failureMessages":[],"meta":{}},{"ancestorTitles":["twitterAgent","additional edge cases"],"fullName":"twitterAgent additional edge cases should handle robustFollow with non-actionable button","status":"passed","title":"should handle robustFollow with non-actionable button","duration":1.2414000000001124,"failureMessages":[],"meta":{}},{"ancestorTitles":["twitterAgent","additional edge cases"],"fullName":"twitterAgent additional edge cases should handle robustFollow with page reload on failure","status":"passed","title":"should handle robustFollow with page reload on failure","duration":2.932600000000093,"failureMessages":[],"meta":{}},{"ancestorTitles":["twitterAgent","additional edge cases"],"fullName":"twitterAgent additional edge cases should handle postTweet with UI button visible","status":"passed","title":"should handle postTweet with UI button visible","duration":0.9022999999999683,"failureMessages":[],"meta":{}},{"ancestorTitles":["twitterAgent","additional edge cases"],"fullName":"twitterAgent additional edge cases should handle postTweet when UI button not found","status":"passed","title":"should handle postTweet when UI button not found","duration":0.9429000000000087,"failureMessages":[],"meta":{}},{"ancestorTitles":["twitterAgent","additional edge cases"],"fullName":"twitterAgent additional edge cases should handle simulateReading with viewport calculation error","status":"passed","title":"should handle simulateReading with viewport calculation error","duration":0.917299999999841,"failureMessages":[],"meta":{}},{"ancestorTitles":["twitterAgent","additional edge cases"],"fullName":"twitterAgent additional edge cases should handle diveTweet with viewport size fallback","status":"passed","title":"should handle diveTweet with viewport size fallback","duration":1.1592999999998028,"failureMessages":[],"meta":{}},{"ancestorTitles":["twitterAgent","additional edge cases"],"fullName":"twitterAgent additional edge cases should handle checkLoginState with exception during check","status":"passed","title":"should handle checkLoginState with exception during check","duration":0.6112000000000535,"failureMessages":[],"meta":{}},{"ancestorTitles":["twitterAgent","additional edge cases"],"fullName":"twitterAgent additional edge cases should handle checkAndHandleSoftError with successful retry button click","status":"passed","title":"should handle checkAndHandleSoftError with successful retry button click","duration":0.7096000000001368,"failureMessages":[],"meta":{}},{"ancestorTitles":["twitterAgent","additional edge cases"],"fullName":"twitterAgent additional edge cases should handle checkAndHandleSoftError with null reloadUrl fallback","status":"passed","title":"should handle checkAndHandleSoftError with null reloadUrl fallback","duration":1.9125000000001364,"failureMessages":[],"meta":{}},{"ancestorTitles":["twitterAgent","additional edge cases"],"fullName":"twitterAgent additional edge cases should handle normalizeProbabilities with fatigue bias","status":"passed","title":"should handle normalizeProbabilities with fatigue bias","duration":0.5479000000000269,"failureMessages":[],"meta":{}},{"ancestorTitles":["twitterAgent","additional edge cases"],"fullName":"twitterAgent additional edge cases should handle normalizeProbabilities with burst mode","status":"passed","title":"should handle normalizeProbabilities with burst mode","duration":0.5352000000000317,"failureMessages":[],"meta":{}},{"ancestorTitles":["twitterAgent","additional edge cases"],"fullName":"twitterAgent additional edge cases should handle scrollRandom import correctly","status":"passed","title":"should handle scrollRandom import correctly","duration":0.5438000000001466,"failureMessages":[],"meta":{}},{"ancestorTitles":["twitterAgent","additional edge cases"],"fullName":"twitterAgent additional edge cases should handle humanClick with mouse movement errors","status":"passed","title":"should handle humanClick with mouse movement errors","duration":0.8057000000001153,"failureMessages":[],"meta":{}},{"ancestorTitles":["twitterAgent","additional edge cases"],"fullName":"twitterAgent additional edge cases should handle ensureForYouTab with multiple tabs","status":"passed","title":"should handle ensureForYouTab with multiple tabs","duration":0.9432999999999083,"failureMessages":[],"meta":{}},{"ancestorTitles":["twitterAgent","additional edge cases"],"fullName":"twitterAgent additional edge cases should handle diveProfile with refresh action","status":"passed","title":"should handle diveProfile with refresh action","duration":0.9471999999998388,"failureMessages":[],"meta":{}},{"ancestorTitles":["twitterAgent","additional edge cases"],"fullName":"twitterAgent additional edge cases should handle diveProfile with idle action","status":"passed","title":"should handle diveProfile with idle action","duration":0.8623000000000047,"failureMessages":[],"meta":{}},{"ancestorTitles":["twitterAgent","additional edge cases"],"fullName":"twitterAgent additional edge cases should handle diveTweet with different scroll targets","status":"passed","title":"should handle diveTweet with different scroll targets","duration":1.1175000000000637,"failureMessages":[],"meta":{}},{"ancestorTitles":["twitterAgent","additional edge cases"],"fullName":"twitterAgent additional edge cases should handle robustFollow with pending state resolution","status":"passed","title":"should handle robustFollow with pending state resolution","duration":0.8169000000000324,"failureMessages":[],"meta":{}},{"ancestorTitles":["twitterAgent","additional edge cases"],"fullName":"twitterAgent additional edge cases should handle checkLoginState with multiple signed out texts","status":"passed","title":"should handle checkLoginState with multiple signed out texts","duration":0.7659000000001015,"failureMessages":[],"meta":{}},{"ancestorTitles":["twitterAgent","additional edge cases"],"fullName":"twitterAgent additional edge cases should handle postTweet with composer already open","status":"passed","title":"should handle postTweet with composer already open","duration":0.8352999999999611,"failureMessages":[],"meta":{}},{"ancestorTitles":["twitterAgent","additional edge cases"],"fullName":"twitterAgent additional edge cases should handle triggerHotSwap with slower profile","status":"passed","title":"should handle triggerHotSwap with slower profile","duration":0.6190000000001419,"failureMessages":[],"meta":{}},{"ancestorTitles":["twitterAgent","additional edge cases"],"fullName":"twitterAgent additional edge cases should handle isSessionExpired with no end time","status":"passed","title":"should handle isSessionExpired with no end time","duration":0.5138000000001739,"failureMessages":[],"meta":{}},{"ancestorTitles":["twitterAgent","additional edge cases"],"fullName":"twitterAgent additional edge cases should handle isSessionExpired with future end time","status":"passed","title":"should handle isSessionExpired with future end time","duration":0.5155999999999494,"failureMessages":[],"meta":{}},{"ancestorTitles":["twitterAgent","additional edge cases"],"fullName":"twitterAgent additional edge cases should handle isSessionExpired with past end time","status":"passed","title":"should handle isSessionExpired with past end time","duration":0.5140999999998712,"failureMessages":[],"meta":{}},{"ancestorTitles":["twitterAgent","additional edge cases"],"fullName":"twitterAgent additional edge cases should handle diveTweet with failed ghost and native click","status":"passed","title":"should handle diveTweet with failed ghost and native click","duration":1.0682000000001608,"failureMessages":[],"meta":{}},{"ancestorTitles":["twitterAgent","additional edge cases"],"fullName":"twitterAgent additional edge cases should handle simulateFidget with visible candidates for TEXT_SELECT","status":"passed","title":"should handle simulateFidget with visible candidates for TEXT_SELECT","duration":0.9849000000001524,"failureMessages":[],"meta":{}},{"ancestorTitles":["twitterAgent","additional edge cases"],"fullName":"twitterAgent additional edge cases should handle simulateFidget with MOUSE_WIGGLE fidget type","status":"passed","title":"should handle simulateFidget with MOUSE_WIGGLE fidget type","duration":0.7888000000000375,"failureMessages":[],"meta":{}},{"ancestorTitles":["twitterAgent","additional edge cases"],"fullName":"twitterAgent additional edge cases should handle simulateFidget with OVERSHOOT fidget type","status":"passed","title":"should handle simulateFidget with OVERSHOOT fidget type","duration":0.7532000000001062,"failureMessages":[],"meta":{}}],"startTime":1771679302376,"endTime":1771679302670.7532,"status":"failed","message":"","name":"C:/My Script/auto-ai/tests/unit/twitterAgent.test.js"}]}
